make all --print-data-base --no-builtin-variables --no-builtin-rules --question
make: *** No rule to make target 'all'.  Stop.

# GNU Make 4.2.1
# Built for x86_64-pc-linux-gnu
# Copyright (C) 1988-2016 Free Software Foundation, Inc.
# License GPLv3+: GNU GPL version 3 or later <http://gnu.org/licenses/gpl.html>
# This is free software: you are free to change and redistribute it.
# There is NO WARRANTY, to the extent permitted by law.

# Make data base, printed on Thu Jun  9 00:54:04 2022

# Variables

# automatic
<D = $(patsubst %/,%,$(dir $<))
# automatic
?F = $(notdir $?)
# default
.SHELLFLAGS := -c
# environment
VSCODE_AGENT_FOLDER = /home/jhlee/.vscode-server
# environment
NVIDIA_VISIBLE_DEVICES = all
# environment
VSCODE_LOG_NATIVE = false
# automatic
?D = $(patsubst %/,%,$(dir $?))
# automatic
@D = $(patsubst %/,%,$(dir $@))
# automatic
@F = $(notdir $@)
# makefile
CURDIR := /workspace/joohyeon
# makefile
SHELL = /bin/sh
# environment
CUTENSOR_VERSION = 1.5.0.3
# environment
VSCODE_NLS_CONFIG = {"locale":"en","availableLanguages":{}}
# environment
_ = /usr/bin/make
# makefile (from 'Makefile', line 1)
MAKEFILE_LIST :=  Makefile
# makefile (from 'Makefile', line 2)
MODEL_VOLUME = /home/jhlee/workspace/helloWorld:/workspace/Study
# environment
OMPI_MCA_coll_hcoll_enable = 0
# 'override' directive
GNUMAKEFLAGS := 
# environment
VSCODE_VERBOSE_LOGGING = true
# environment
NVJPEG_VERSION = 11.7.2.34
# environment
CUBLAS_VERSION = 11.10.1.25
# environment
GDRCOPY_VERSION = 2.3
# environment
LESSOPEN = | /usr/bin/lesspipe %s
# environment
VSCODE_CWD = /home/jhlee/.vscode-server/bin/c3511e6c69bb39013c4a4b7b9566ec1ca73fc4d5
# default
MAKE_HOST := x86_64-pc-linux-gnu
# environment
PATH = /home/jhlee/.vscode-server/bin/c3511e6c69bb39013c4a4b7b9566ec1ca73fc4d5/bin/remote-cli:/home/jhlee/.local/bin:/opt/tensorrt/bin:/usr/local/mpi/bin:/usr/local/nvidia/bin:/usr/local/cuda/bin:/usr/local/sbin:/usr/local/bin:/usr/sbin:/usr/bin:/sbin:/bin:/usr/local/ucx/bin
# environment
NCCL_VERSION = 2.12.10+cuda11.6
# environment
TENSORRT_VERSION = 8.2.5.1+cuda11.4.2.006
# environment
NVIDIA_PRODUCT_NAME = NVIDIA TensorRT
# environment
NPP_VERSION = 11.7.3.21
# automatic
%D = $(patsubst %/,%,$(dir $%))
# environment
LIBRARY_PATH = /usr/local/cuda/lib64/stubs:
# environment
BASH_ENV = /etc/bash.bashrc
# environment
DALI_BUILD = 4481327
# environment
VSCODE_LOG_STACK = false
# environment
VSCODE_IPC_HOOK_CLI = /tmp/vscode-ipc-b1c278b3-3ac4-4b91-a6e2-e237158b9b45.sock
# default
.FEATURES := target-specific order-only second-expansion else-if shortest-stem undefine oneshell archives jobserver output-sync check-symlink load
# environment
LS_COLORS = 
# environment
SSH_AUTH_SOCK = /tmp/vscode-ssh-auth-475bcfc9abf42f25d5651d208f819764718d240d.sock
# automatic
%F = $(notdir $%)
# environment
NVIDIA_BUILD_ID = 37412549
# environment
VSCODE_PIPE_LOGGING = true
# environment
PWD = /workspace/joohyeon
# environment
OPENUCX_VERSION = 1.12.0
# environment
DLPROF_VERSION = 
# default
.LOADED := 
# environment
NVIDIA_REQUIRE_CUDA = cuda>=9.0
# environment
VSCODE_AMD_ENTRYPOINT = vs/workbench/api/node/extensionHostProcess
# environment
HOME = /home/jhlee
# environment
REMOTE_CONTAINERS = true
# environment
LD_LIBRARY_PATH = /usr/local/cuda/compat/lib:/usr/local/nvidia/lib:/usr/local/nvidia/lib64
# environment
LESSCLOSE = /usr/bin/lesspipe %s %s
# environment
NSIGHT_COMPUTE_VERSION = 2022.2.0.13
# environment
DALI_VERSION = 1.13.0
# environment
APPLICATION_INSIGHTS_NO_DIAGNOSTIC_CHANNEL = true
# automatic
+F = $(notdir $+)
# environment
TENSORRT_OSS_VERSION = 22.05
# environment
VSCODE_HANDLES_UNCAUGHT_ERRORS = true
# environment
CUDNN_VERSION = 8.4.0.27+cuda11.6
# automatic
^D = $(patsubst %/,%,$(dir $^))
# environment
HOSTNAME = esp
# environment
MAKELEVEL := 0
# environment
HPCX_VERSION = 2.10
# default
MAKE = $(MAKE_COMMAND)
# default
MAKECMDGOALS := all
# environment
TRTOSS_VERSION = 22.05
# environment
SHLVL = 2
# environment
CUSOLVER_VERSION = 11.3.5.50
# environment
CUSPARSE_VERSION = 11.7.3.50
# default
MAKE_VERSION := 4.2.1
# makefile
.DEFAULT_GOAL := build
# environment
_CUDA_COMPAT_PATH = /usr/local/cuda/compat
# environment
MOFED_VERSION = 5.4-rdmacore36.0
# environment
REMOTE_CONTAINERS_IPC = /tmp/vscode-remote-containers-ipc-475bcfc9abf42f25d5651d208f819764718d240d.sock
# environment
CUDA_VERSION = 11.7.0.022
# default
MAKE_COMMAND := make
# environment
NSIGHT_SYSTEMS_VERSION = 2022.1.3.3
# default
.VARIABLES := 
# automatic
*F = $(notdir $*)
# makefile
MAKEFLAGS = pqrR
# environment
TRT_VERSION = 8.2.5.1+cuda11.4.2.006
# environment
MFLAGS = -pqrR
# automatic
*D = $(patsubst %/,%,$(dir $*))
# automatic
+D = $(patsubst %/,%,$(dir $+))
# environment
BROWSER = /home/jhlee/.vscode-server/bin/c3511e6c69bb39013c4a4b7b9566ec1ca73fc4d5/bin/helpers/browser.sh
# environment
OPENMPI_VERSION = 4.1.2rc4
# makefile (from 'Makefile', line 1)
APP_NAME = helloWorld
# environment
VSCODE_HANDLES_SIGPIPE = true
# default
MAKEFILES := 
# environment
NVIDIA_DRIVER_CAPABILITIES = compute,utility,video
# automatic
<F = $(notdir $<)
# environment
CUDA_CACHE_DISABLE = 1
# environment
OPAL_PREFIX = /opt/hpcx/ompi
# environment
LC_ALL = C
# environment
DEBIAN_FRONTEND = noninteractive
# automatic
^F = $(notdir $^)
# environment
NVIDIA_TENSORRT_VERSION = 22.05
# default
SUFFIXES := 
# environment
REMOTE_CONTAINERS_SOCKETS = ["/tmp/vscode-ssh-auth-475bcfc9abf42f25d5651d208f819764718d240d.sock","/home/jhlee/.gnupg/S.gpg-agent"]
# environment
CURAND_VERSION = 10.2.10.50
# environment
RDMACORE_VERSION = 36.0
# default
.INCLUDE_DIRS = /usr/include /usr/local/include /usr/include
# environment
CUDA_DRIVER_VERSION = 515.43.04
# default
.RECIPEPREFIX := 
# environment
ENV = /etc/shinit_v2
# environment
LANG = C
# environment
VSCODE_EXTHOST_WILL_SEND_SOCKET = true
# environment
CUFFT_VERSION = 10.7.2.50
# variable set hash-table stats:
# Load=108/1024=11%, Rehash=0, Collisions=12/133=9%

# Pattern-specific Variable Values

# No pattern-specific variable values.

# Directories

# . (device 64769, inode 49611036): 10 files, no impossibilities.

# 10 files, no impossibilities in 1 directories.

# Implicit Rules

# No implicit rules.

# Files

stop:
#  Implicit rule search has not been done.
#  Modification time never checked.
#  File has not been updated.
#  recipe to execute (from 'Makefile', line 14):
	@echo 'stop docker $(APP_NAME)'
	docker stop $(APP_NAME)

# Not a target:
all:
#  Command line target.
#  Implicit rule search has been done.
#  File does not exist.
#  File has not been updated.

rm:
#  Implicit rule search has not been done.
#  Modification time never checked.
#  File has not been updated.
#  recipe to execute (from 'Makefile', line 18):
	@echo 'rm docker $(APP_NAME)'
	docker rm -f $(APP_NAME)

# Not a target:
Makefile:
#  Implicit rule search has been done.
#  Last modified 2022-06-08 23:52:54.40631605
#  File has been updated.
#  Successfully updated.

build:
#  Implicit rule search has not been done.
#  Modification time never checked.
#  File has not been updated.
#  recipe to execute (from 'Makefile', line 6):
	@echo 'build docker $(APP_NAME)'
	docker build -t $(APP_NAME) . 

# Not a target:
.DEFAULT:
#  Implicit rule search has not been done.
#  Modification time never checked.
#  File has not been updated.

 
rmi:
#  Implicit rule search has not been done.
#  Modification time never checked.
#  File has not been updated.
#  recipe to execute (from 'Makefile', line 22):
	@echo 'rmi docker $(APP_NAME)'
	docker rmi $(APP_NAME)

run:
#  Implicit rule search has not been done.
#  Modification time never checked.
#  File has not been updated.
#  recipe to execute (from 'Makefile', line 10):
	@echo 'run docker $(APP_NAME)'
	docker run -d -t --name="$(APP_NAME)" --net=host --ipc=host --shm-size 32gb -v $(MODEL_VOLUME) --gpus all $(APP_NAME)

# files hash-table stats:
# Load=9/1024=1%, Rehash=0, Collisions=0/19=0%
# VPATH Search Paths

# No 'vpath' search paths.

# No general ('VPATH' variable) search path.

# strcache buffers: 1 (0) / strings = 20 / storage = 145 B / avg = 7 B
# current buf: size = 8162 B / used = 145 B / count = 20 / avg = 7 B

# strcache performance: lookups = 29 / hit rate = 31%
# hash-table stats:
# Load=20/8192=0%, Rehash=0, Collisions=1/29=3%
# Finished Make data base on Thu Jun  9 00:54:04 2022

 
